<?xml version="1.0" encoding="UTF-8"?>
<robot generator="Robot 7.0 (Python 3.12.1 on win32)" generated="2024-01-22T16:36:49.518767" rpa="false" schemaversion="5">
<suite id="s1" name="Signup" source="C:\QAx\projects\walkdog-robot\tests\signup.robot">
<test id="s1-t1" name="Deve poder cadastrar um novo dog walker" line="10">
<kw name="Start session" owner="base" type="SETUP">
<kw name="New Browser" owner="Browser">
<msg time="2024-01-22T16:36:50.306980" level="INFO">{"browser": "chromium", "headless": false, "chromiumSandbox": false, "devtools": false, "handleSIGHUP": true, "handleSIGINT": true, "handleSIGTERM": true, "slowMo": 0.0, "timeout": 30000.0, "tracesDir": "C:\\QAx\\projects\\walkdog-robot\\logs\\browser\\traces\\19c2900c-0957-49df-a107-15bc21203223"}</msg>
<msg time="2024-01-22T16:36:55.995480" level="INFO">Successfully created browser with options: {"browser":"chromium","headless":false,"chromiumSandbox":false,"devtools":false,"handleSIGHUP":true,"handleSIGINT":true,"handleSIGTERM":true,"slowMo":0,"timeout":30000,"tracesDir":"C:\\QAx\\projects\\walkdog-robot\\logs\\browser\\traces\\19c2900c-0957-49df-a107-15bc21203223"}</msg>
<arg>browser=chromium</arg>
<arg>headless=False</arg>
<tag>BrowserControl</tag>
<tag>Setter</tag>
<doc>Create a new playwright Browser with specified options.</doc>
<status status="PASS" start="2024-01-22T16:36:50.306980" elapsed="5.688500"/>
</kw>
<kw name="New Page" owner="Browser">
<msg time="2024-01-22T16:36:56.669325" level="INFO">Successfully initialized new page object and opened url: https://walkdog.vercel.app</msg>
<msg time="2024-01-22T16:36:56.669325" level="INFO">No context was open. New context was automatically opened when this page is created.</msg>
<arg>https://walkdog.vercel.app</arg>
<tag>BrowserControl</tag>
<tag>Setter</tag>
<doc>Open a new Page.</doc>
<status status="PASS" start="2024-01-22T16:36:55.995480" elapsed="0.673845"/>
</kw>
<kw name="Wait For Elements State" owner="Browser">
<msg time="2024-01-22T16:36:56.705443" level="INFO">Waited for Element with selector css=h1 &gt;&gt; text=Cuidado e diversão em cada passo at state visible</msg>
<arg>css=h1 &gt;&gt; text=Cuidado e diversão em cada passo</arg>
<arg>visible</arg>
<arg>5</arg>
<tag>PageContent</tag>
<tag>Wait</tag>
<doc>Waits for the element found by ``selector`` to satisfy state option.</doc>
<status status="PASS" start="2024-01-22T16:36:56.669325" elapsed="0.036118"/>
</kw>
<status status="PASS" start="2024-01-22T16:36:50.306980" elapsed="6.398463"/>
</kw>
<kw name="Create Dictionary" owner="BuiltIn">
<msg time="2024-01-22T16:36:56.705443" level="INFO">${dog_walker} = {'name': 'passeador', 'email': 'passeador@gmail.com', 'cpf': '00000014141', 'cep': '04534011', 'addressStreet': 'Rua Joaquim Floriano', 'addressDistrict': 'Itaim Bibi', 'addressCityUf': 'São Paulo/SP'...</msg>
<var>${dog_walker}</var>
<arg>name=passeador</arg>
<arg>email=passeador@gmail.com</arg>
<arg>cpf=00000014141</arg>
<arg>cep=04534011</arg>
<arg>addressStreet=Rua Joaquim Floriano</arg>
<arg>addressDistrict=Itaim Bibi</arg>
<arg>addressCityUf=São Paulo/SP</arg>
<arg>addressNumber=123</arg>
<arg>addressDetails=123abc</arg>
<arg>CNH=toretto.jpg</arg>
<doc>Creates and returns a dictionary based on the given ``items``.</doc>
<status status="PASS" start="2024-01-22T16:36:56.705443" elapsed="0.000000"/>
</kw>
<kw name="Go to signup page" owner="signup">
<kw name="Click" owner="Browser">
<arg>css=a[href="/signup"]</arg>
<tag>PageContent</tag>
<tag>Setter</tag>
<doc>Simulates mouse click on the element found by ``selector``.</doc>
<status status="PASS" start="2024-01-22T16:36:56.705443" elapsed="0.092873"/>
</kw>
<kw name="Wait For Elements State" owner="Browser">
<msg time="2024-01-22T16:36:56.809206" level="INFO">Waited for Element with selector form h1 at state visible</msg>
<arg>form h1</arg>
<arg>visible</arg>
<arg>3</arg>
<tag>PageContent</tag>
<tag>Wait</tag>
<doc>Waits for the element found by ``selector`` to satisfy state option.</doc>
<status status="PASS" start="2024-01-22T16:36:56.798316" elapsed="0.010890"/>
</kw>
<kw name="Get Text" owner="Browser">
<msg time="2024-01-22T16:36:56.837157" level="INFO">Text: 'Faça seu cadastro'</msg>
<arg>form h1</arg>
<arg>equal</arg>
<arg>${expected_title}</arg>
<tag>Assertion</tag>
<tag>Getter</tag>
<tag>PageContent</tag>
<doc>Returns text attribute of the element found by ``selector``.</doc>
<status status="PASS" start="2024-01-22T16:36:56.809206" elapsed="0.027951"/>
</kw>
<arg>Faça seu cadastro</arg>
<status status="PASS" start="2024-01-22T16:36:56.705443" elapsed="0.133145"/>
</kw>
<kw name="Fill signup Form" owner="signup">
<kw name="Fill Text" owner="Browser">
<msg time="2024-01-22T16:36:56.838588" level="INFO">Fills the text 'passeador' in the given field.</msg>
<arg>css=input[name=name]</arg>
<arg>${dog_walker}[name]</arg>
<tag>PageContent</tag>
<tag>Setter</tag>
<doc>Clears and fills the given ``txt`` into the text field found by ``selector``.</doc>
<status status="PASS" start="2024-01-22T16:36:56.838588" elapsed="0.024482"/>
</kw>
<kw name="Fill Text" owner="Browser">
<msg time="2024-01-22T16:36:56.863070" level="INFO">Fills the text 'passeador@gmail.com' in the given field.</msg>
<arg>css=input[name=email]</arg>
<arg>${dog_walker}[email]</arg>
<tag>PageContent</tag>
<tag>Setter</tag>
<doc>Clears and fills the given ``txt`` into the text field found by ``selector``.</doc>
<status status="PASS" start="2024-01-22T16:36:56.863070" elapsed="0.015005"/>
</kw>
<kw name="Fill Text" owner="Browser">
<msg time="2024-01-22T16:36:56.880508" level="INFO">Fills the text '00000014141' in the given field.</msg>
<arg>css=input[name=cpf]</arg>
<arg>${dog_walker}[cpf]</arg>
<tag>PageContent</tag>
<tag>Setter</tag>
<doc>Clears and fills the given ``txt`` into the text field found by ``selector``.</doc>
<status status="PASS" start="2024-01-22T16:36:56.880508" elapsed="0.015305"/>
</kw>
<kw name="Fill Text" owner="Browser">
<msg time="2024-01-22T16:36:56.895813" level="INFO">Fills the text '04534011' in the given field.</msg>
<arg>css=input[name=cep]</arg>
<arg>${dog_walker}[cep]</arg>
<tag>PageContent</tag>
<tag>Setter</tag>
<doc>Clears and fills the given ``txt`` into the text field found by ``selector``.</doc>
<status status="PASS" start="2024-01-22T16:36:56.895813" elapsed="0.014805"/>
</kw>
<kw name="Click" owner="Browser">
<arg>css=input[type=Button][value="Buscar CEP"]</arg>
<tag>PageContent</tag>
<tag>Setter</tag>
<doc>Simulates mouse click on the element found by ``selector``.</doc>
<status status="PASS" start="2024-01-22T16:36:56.910618" elapsed="0.046183"/>
</kw>
<kw name="Sleep" owner="BuiltIn">
<msg time="2024-01-22T16:36:59.958548" level="INFO">Slept 3 seconds.</msg>
<arg>3</arg>
<doc>Pauses the test executed for the given time.</doc>
<status status="PASS" start="2024-01-22T16:36:56.957982" elapsed="3.001086"/>
</kw>
<kw name="Get Property" owner="Browser">
<msg time="2024-01-22T16:36:59.997081" level="INFO">Property: 'Rua Joaquim Floriano'</msg>
<arg>css=input[name=addressStreet]</arg>
<arg>value</arg>
<arg>equal</arg>
<arg>${dog_walker}[addressStreet]</arg>
<tag>Assertion</tag>
<tag>Getter</tag>
<tag>PageContent</tag>
<doc>Returns the ``property`` of the element found by ``selector``.</doc>
<status status="PASS" start="2024-01-22T16:36:59.959587" elapsed="0.037494"/>
</kw>
<kw name="Get Property" owner="Browser">
<msg time="2024-01-22T16:37:00.016286" level="INFO">Property: 'Itaim Bibi'</msg>
<arg>css=input[name=addressDistrict]</arg>
<arg>value</arg>
<arg>equal</arg>
<arg>${dog_walker}[addressDistrict]</arg>
<tag>Assertion</tag>
<tag>Getter</tag>
<tag>PageContent</tag>
<doc>Returns the ``property`` of the element found by ``selector``.</doc>
<status status="PASS" start="2024-01-22T16:36:59.997081" elapsed="0.019205"/>
</kw>
<kw name="Get Property" owner="Browser">
<msg time="2024-01-22T16:37:00.028527" level="INFO">Property: 'São Paulo/SP'</msg>
<arg>css=input[name=addressCityUf]</arg>
<arg>value</arg>
<arg>equal</arg>
<arg>${dog_walker}[addressCityUf]</arg>
<tag>Assertion</tag>
<tag>Getter</tag>
<tag>PageContent</tag>
<doc>Returns the ``property`` of the element found by ``selector``.</doc>
<status status="PASS" start="2024-01-22T16:37:00.016286" elapsed="0.012241"/>
</kw>
<kw name="Fill Text" owner="Browser">
<msg time="2024-01-22T16:37:00.028527" level="INFO">Fills the text '123' in the given field.</msg>
<arg>css=input[name=addressNumber]</arg>
<arg>${dog_walker}[addressNumber]</arg>
<tag>PageContent</tag>
<tag>Setter</tag>
<doc>Clears and fills the given ``txt`` into the text field found by ``selector``.</doc>
<status status="PASS" start="2024-01-22T16:37:00.028527" elapsed="0.016183"/>
</kw>
<kw name="Fill Text" owner="Browser">
<msg time="2024-01-22T16:37:00.045215" level="INFO">Fills the text '123abc' in the given field.</msg>
<arg>css=input[name=addressDetails]</arg>
<arg>${dog_walker}[addressDetails]</arg>
<tag>PageContent</tag>
<tag>Setter</tag>
<doc>Clears and fills the given ``txt`` into the text field found by ``selector``.</doc>
<status status="PASS" start="2024-01-22T16:37:00.044710" elapsed="0.012630"/>
</kw>
<kw name="Upload File By Selector" owner="Browser">
<arg>css=input[type=file]</arg>
<arg>${EXECDIR}/resources/fixtures/${dog_walker}[CNH]</arg>
<tag>PageContent</tag>
<tag>Setter</tag>
<doc>Uploads file from `path` to file input element matched by selector.</doc>
<status status="PASS" start="2024-01-22T16:37:00.057340" elapsed="0.015867"/>
</kw>
<kw name="Sleep" owner="BuiltIn">
<msg time="2024-01-22T16:37:05.075119" level="INFO">Slept 5 seconds.</msg>
<arg>5</arg>
<doc>Pauses the test executed for the given time.</doc>
<status status="PASS" start="2024-01-22T16:37:00.073207" elapsed="5.001912"/>
</kw>
<arg>${dog_walker}</arg>
<status status="PASS" start="2024-01-22T16:36:56.838588" elapsed="8.236531"/>
</kw>
<kw name="Submit signup form" owner="signup">
<kw name="Click" owner="Browser">
<arg>css=.button-register</arg>
<tag>PageContent</tag>
<tag>Setter</tag>
<doc>Simulates mouse click on the element found by ``selector``.</doc>
<status status="PASS" start="2024-01-22T16:37:05.077149" elapsed="0.098814"/>
</kw>
<status status="PASS" start="2024-01-22T16:37:05.075119" elapsed="0.104505"/>
</kw>
<kw name="Popup should be" owner="signup">
<kw name="Wait For Elements State" owner="Browser">
<msg time="2024-01-22T16:37:06.001761" level="INFO">Waited for Element with selector css=.swal2-html-container at state visible</msg>
<arg>css=.swal2-html-container</arg>
<arg>visible</arg>
<arg>5</arg>
<tag>PageContent</tag>
<tag>Wait</tag>
<doc>Waits for the element found by ``selector`` to satisfy state option.</doc>
<status status="PASS" start="2024-01-22T16:37:05.179624" elapsed="0.822137"/>
</kw>
<kw name="Get Text" owner="Browser">
<msg time="2024-01-22T16:37:06.016981" level="INFO">Text: 'Recebemos o seu cadastro e em breve retornaremos o contato.'</msg>
<arg>css=.swal2-html-container</arg>
<arg>equal</arg>
<arg>${expected_text}</arg>
<tag>Assertion</tag>
<tag>Getter</tag>
<tag>PageContent</tag>
<doc>Returns text attribute of the element found by ``selector``.</doc>
<status status="PASS" start="2024-01-22T16:37:06.001761" elapsed="0.015220"/>
</kw>
<arg>Recebemos o seu cadastro e em breve retornaremos o contato.</arg>
<status status="PASS" start="2024-01-22T16:37:05.179624" elapsed="0.837357"/>
</kw>
<kw name="Finish session" owner="base" type="TEARDOWN">
<kw name="Take Screenshot" owner="Browser">
<msg time="2024-01-22T16:37:06.225537" level="INFO" html="true">&lt;/td&gt;&lt;/tr&gt;&lt;tr&gt;&lt;td colspan="3"&gt;&lt;a href="browser/screenshot/robotframework-browser-screenshot-1.png" target="_blank"&gt;&lt;img src="browser/screenshot/robotframework-browser-screenshot-1.png" width="800px"/&gt;&lt;/a&gt;</msg>
<arg>fullPage=True</arg>
<tag>PageContent</tag>
<doc>Takes a screenshot of the current window or element and saves it to disk.</doc>
<status status="PASS" start="2024-01-22T16:37:06.016981" elapsed="0.208556"/>
</kw>
<status status="PASS" start="2024-01-22T16:37:06.016981" elapsed="0.208556"/>
</kw>
<status status="PASS" start="2024-01-22T16:36:50.306980" elapsed="15.918557"/>
</test>
<test id="s1-t2" name="CPF incorreto" line="33">
<kw name="Start session" owner="base" type="SETUP">
<kw name="New Browser" owner="Browser">
<msg time="2024-01-22T16:37:06.290996" level="INFO">Switching browser to browser=ea7cad8f-76ba-4f26-8887-1a25d25a281c</msg>
<msg time="2024-01-22T16:37:06.290996" level="INFO">Successfully changed active browser: browser=ea7cad8f-76ba-4f26-8887-1a25d25a281c</msg>
<msg time="2024-01-22T16:37:06.290996" level="INFO">Reusing existing browser with id: browser=ea7cad8f-76ba-4f26-8887-1a25d25a281c</msg>
<arg>browser=chromium</arg>
<arg>headless=False</arg>
<tag>BrowserControl</tag>
<tag>Setter</tag>
<doc>Create a new playwright Browser with specified options.</doc>
<status status="PASS" start="2024-01-22T16:37:06.290996" elapsed="0.000000"/>
</kw>
<kw name="New Page" owner="Browser">
<msg time="2024-01-22T16:37:06.848482" level="INFO">Successfully initialized new page object and opened url: https://walkdog.vercel.app</msg>
<msg time="2024-01-22T16:37:06.848482" level="INFO">No context was open. New context was automatically opened when this page is created.</msg>
<arg>https://walkdog.vercel.app</arg>
<tag>BrowserControl</tag>
<tag>Setter</tag>
<doc>Open a new Page.</doc>
<status status="PASS" start="2024-01-22T16:37:06.290996" elapsed="0.557486"/>
</kw>
<kw name="Wait For Elements State" owner="Browser">
<msg time="2024-01-22T16:37:06.873578" level="INFO">Waited for Element with selector css=h1 &gt;&gt; text=Cuidado e diversão em cada passo at state visible</msg>
<arg>css=h1 &gt;&gt; text=Cuidado e diversão em cada passo</arg>
<arg>visible</arg>
<arg>5</arg>
<tag>PageContent</tag>
<tag>Wait</tag>
<doc>Waits for the element found by ``selector`` to satisfy state option.</doc>
<status status="PASS" start="2024-01-22T16:37:06.848482" elapsed="0.025096"/>
</kw>
<status status="PASS" start="2024-01-22T16:37:06.290996" elapsed="0.582582"/>
</kw>
<kw name="Create Dictionary" owner="BuiltIn">
<msg time="2024-01-22T16:37:06.873578" level="INFO">${dog_walker} = {'name': 'passeador', 'email': 'passeador@gmail.com', 'cpf': '000000141aa', 'cep': '04534011', 'addressStreet': 'Rua Joaquim Floriano', 'addressDistrict': 'Itaim Bibi', 'addressCityUf': 'São Paulo/SP'...</msg>
<var>${dog_walker}</var>
<arg>name=passeador</arg>
<arg>email=passeador@gmail.com</arg>
<arg>cpf=000000141aa</arg>
<arg>cep=04534011</arg>
<arg>addressStreet=Rua Joaquim Floriano</arg>
<arg>addressDistrict=Itaim Bibi</arg>
<arg>addressCityUf=São Paulo/SP</arg>
<arg>addressNumber=123</arg>
<arg>addressDetails=123abc</arg>
<arg>CNH=toretto.jpg</arg>
<doc>Creates and returns a dictionary based on the given ``items``.</doc>
<status status="PASS" start="2024-01-22T16:37:06.873578" elapsed="0.000000"/>
</kw>
<kw name="Go to signup page" owner="signup">
<kw name="Click" owner="Browser">
<arg>css=a[href="/signup"]</arg>
<tag>PageContent</tag>
<tag>Setter</tag>
<doc>Simulates mouse click on the element found by ``selector``.</doc>
<status status="PASS" start="2024-01-22T16:37:06.874578" elapsed="0.067102"/>
</kw>
<kw name="Wait For Elements State" owner="Browser">
<msg time="2024-01-22T16:37:06.946932" level="INFO">Waited for Element with selector form h1 at state visible</msg>
<arg>form h1</arg>
<arg>visible</arg>
<arg>3</arg>
<tag>PageContent</tag>
<tag>Wait</tag>
<doc>Waits for the element found by ``selector`` to satisfy state option.</doc>
<status status="PASS" start="2024-01-22T16:37:06.941680" elapsed="0.006450"/>
</kw>
<kw name="Get Text" owner="Browser">
<msg time="2024-01-22T16:37:06.972638" level="INFO">Text: 'Faça seu cadastro'</msg>
<arg>form h1</arg>
<arg>equal</arg>
<arg>${expected_title}</arg>
<tag>Assertion</tag>
<tag>Getter</tag>
<tag>PageContent</tag>
<doc>Returns text attribute of the element found by ``selector``.</doc>
<status status="PASS" start="2024-01-22T16:37:06.948130" elapsed="0.024508"/>
</kw>
<arg>Faça seu cadastro</arg>
<status status="PASS" start="2024-01-22T16:37:06.874578" elapsed="0.098060"/>
</kw>
<kw name="Fill signup Form" owner="signup">
<kw name="Fill Text" owner="Browser">
<msg time="2024-01-22T16:37:06.974343" level="INFO">Fills the text 'passeador' in the given field.</msg>
<arg>css=input[name=name]</arg>
<arg>${dog_walker}[name]</arg>
<tag>PageContent</tag>
<tag>Setter</tag>
<doc>Clears and fills the given ``txt`` into the text field found by ``selector``.</doc>
<status status="PASS" start="2024-01-22T16:37:06.974343" elapsed="0.018361"/>
</kw>
<kw name="Fill Text" owner="Browser">
<msg time="2024-01-22T16:37:06.992704" level="INFO">Fills the text 'passeador@gmail.com' in the given field.</msg>
<arg>css=input[name=email]</arg>
<arg>${dog_walker}[email]</arg>
<tag>PageContent</tag>
<tag>Setter</tag>
<doc>Clears and fills the given ``txt`` into the text field found by ``selector``.</doc>
<status status="PASS" start="2024-01-22T16:37:06.992704" elapsed="0.016611"/>
</kw>
<kw name="Fill Text" owner="Browser">
<msg time="2024-01-22T16:37:07.010711" level="INFO">Fills the text '000000141aa' in the given field.</msg>
<arg>css=input[name=cpf]</arg>
<arg>${dog_walker}[cpf]</arg>
<tag>PageContent</tag>
<tag>Setter</tag>
<doc>Clears and fills the given ``txt`` into the text field found by ``selector``.</doc>
<status status="PASS" start="2024-01-22T16:37:07.009315" elapsed="0.016249"/>
</kw>
<kw name="Fill Text" owner="Browser">
<msg time="2024-01-22T16:37:07.026919" level="INFO">Fills the text '04534011' in the given field.</msg>
<arg>css=input[name=cep]</arg>
<arg>${dog_walker}[cep]</arg>
<tag>PageContent</tag>
<tag>Setter</tag>
<doc>Clears and fills the given ``txt`` into the text field found by ``selector``.</doc>
<status status="PASS" start="2024-01-22T16:37:07.025564" elapsed="0.013319"/>
</kw>
<kw name="Click" owner="Browser">
<arg>css=input[type=Button][value="Buscar CEP"]</arg>
<tag>PageContent</tag>
<tag>Setter</tag>
<doc>Simulates mouse click on the element found by ``selector``.</doc>
<status status="PASS" start="2024-01-22T16:37:07.038883" elapsed="0.045073"/>
</kw>
<kw name="Sleep" owner="BuiltIn">
<msg time="2024-01-22T16:37:10.084805" level="INFO">Slept 3 seconds.</msg>
<arg>3</arg>
<doc>Pauses the test executed for the given time.</doc>
<status status="PASS" start="2024-01-22T16:37:07.083956" elapsed="3.000849"/>
</kw>
<kw name="Get Property" owner="Browser">
<msg time="2024-01-22T16:37:10.129517" level="INFO">Property: 'Rua Joaquim Floriano'</msg>
<arg>css=input[name=addressStreet]</arg>
<arg>value</arg>
<arg>equal</arg>
<arg>${dog_walker}[addressStreet]</arg>
<tag>Assertion</tag>
<tag>Getter</tag>
<tag>PageContent</tag>
<doc>Returns the ``property`` of the element found by ``selector``.</doc>
<status status="PASS" start="2024-01-22T16:37:10.085919" elapsed="0.043598"/>
</kw>
<kw name="Get Property" owner="Browser">
<msg time="2024-01-22T16:37:10.156045" level="INFO">Property: 'Itaim Bibi'</msg>
<arg>css=input[name=addressDistrict]</arg>
<arg>value</arg>
<arg>equal</arg>
<arg>${dog_walker}[addressDistrict]</arg>
<tag>Assertion</tag>
<tag>Getter</tag>
<tag>PageContent</tag>
<doc>Returns the ``property`` of the element found by ``selector``.</doc>
<status status="PASS" start="2024-01-22T16:37:10.133581" elapsed="0.022464"/>
</kw>
<kw name="Get Property" owner="Browser">
<msg time="2024-01-22T16:37:10.173908" level="INFO">Property: 'São Paulo/SP'</msg>
<arg>css=input[name=addressCityUf]</arg>
<arg>value</arg>
<arg>equal</arg>
<arg>${dog_walker}[addressCityUf]</arg>
<tag>Assertion</tag>
<tag>Getter</tag>
<tag>PageContent</tag>
<doc>Returns the ``property`` of the element found by ``selector``.</doc>
<status status="PASS" start="2024-01-22T16:37:10.156045" elapsed="0.018408"/>
</kw>
<kw name="Fill Text" owner="Browser">
<msg time="2024-01-22T16:37:10.174453" level="INFO">Fills the text '123' in the given field.</msg>
<arg>css=input[name=addressNumber]</arg>
<arg>${dog_walker}[addressNumber]</arg>
<tag>PageContent</tag>
<tag>Setter</tag>
<doc>Clears and fills the given ``txt`` into the text field found by ``selector``.</doc>
<status status="PASS" start="2024-01-22T16:37:10.174453" elapsed="0.015658"/>
</kw>
<kw name="Fill Text" owner="Browser">
<msg time="2024-01-22T16:37:10.190111" level="INFO">Fills the text '123abc' in the given field.</msg>
<arg>css=input[name=addressDetails]</arg>
<arg>${dog_walker}[addressDetails]</arg>
<tag>PageContent</tag>
<tag>Setter</tag>
<doc>Clears and fills the given ``txt`` into the text field found by ``selector``.</doc>
<status status="PASS" start="2024-01-22T16:37:10.190111" elapsed="0.013469"/>
</kw>
<kw name="Upload File By Selector" owner="Browser">
<arg>css=input[type=file]</arg>
<arg>${EXECDIR}/resources/fixtures/${dog_walker}[CNH]</arg>
<tag>PageContent</tag>
<tag>Setter</tag>
<doc>Uploads file from `path` to file input element matched by selector.</doc>
<status status="PASS" start="2024-01-22T16:37:10.203580" elapsed="0.019168"/>
</kw>
<kw name="Sleep" owner="BuiltIn">
<msg time="2024-01-22T16:37:15.223646" level="INFO">Slept 5 seconds.</msg>
<arg>5</arg>
<doc>Pauses the test executed for the given time.</doc>
<status status="PASS" start="2024-01-22T16:37:10.222748" elapsed="5.000898"/>
</kw>
<arg>${dog_walker}</arg>
<status status="PASS" start="2024-01-22T16:37:06.972638" elapsed="8.251008"/>
</kw>
<kw name="Submit signup form" owner="signup">
<kw name="Click" owner="Browser">
<arg>css=.button-register</arg>
<tag>PageContent</tag>
<tag>Setter</tag>
<doc>Simulates mouse click on the element found by ``selector``.</doc>
<status status="PASS" start="2024-01-22T16:37:15.223646" elapsed="0.043090"/>
</kw>
<status status="PASS" start="2024-01-22T16:37:15.223646" elapsed="0.043090"/>
</kw>
<kw name="Alert should be" owner="signup">
<kw name="Wait For Elements State" owner="Browser">
<msg time="2024-01-22T16:37:15.272669" level="INFO">Waited for Element with selector css=.alert-error &gt;&gt; text=CPF inválido at state visible</msg>
<arg>css=.alert-error &gt;&gt; text=${expected_text_error}</arg>
<arg>visible</arg>
<arg>5</arg>
<tag>PageContent</tag>
<tag>Wait</tag>
<doc>Waits for the element found by ``selector`` to satisfy state option.</doc>
<status status="PASS" start="2024-01-22T16:37:15.266736" elapsed="0.006935"/>
</kw>
<arg>CPF inválido</arg>
<status status="PASS" start="2024-01-22T16:37:15.266736" elapsed="0.006935"/>
</kw>
<kw name="Finish session" owner="base" type="TEARDOWN">
<kw name="Take Screenshot" owner="Browser">
<msg time="2024-01-22T16:37:15.505172" level="INFO" html="true">&lt;/td&gt;&lt;/tr&gt;&lt;tr&gt;&lt;td colspan="3"&gt;&lt;a href="browser/screenshot/robotframework-browser-screenshot-2.png" target="_blank"&gt;&lt;img src="browser/screenshot/robotframework-browser-screenshot-2.png" width="800px"/&gt;&lt;/a&gt;</msg>
<arg>fullPage=True</arg>
<tag>PageContent</tag>
<doc>Takes a screenshot of the current window or element and saves it to disk.</doc>
<status status="PASS" start="2024-01-22T16:37:15.273671" elapsed="0.232927"/>
</kw>
<status status="PASS" start="2024-01-22T16:37:15.273671" elapsed="0.232927"/>
</kw>
<tag>cpf_inv</tag>
<status status="PASS" start="2024-01-22T16:37:06.289162" elapsed="9.217436"/>
</test>
<test id="s1-t3" name="Obrigatoriedade de preenchimento" line="57">
<kw name="Start session" owner="base" type="SETUP">
<kw name="New Browser" owner="Browser">
<msg time="2024-01-22T16:37:15.556439" level="INFO">Switching browser to browser=ea7cad8f-76ba-4f26-8887-1a25d25a281c</msg>
<msg time="2024-01-22T16:37:15.557837" level="INFO">Successfully changed active browser: browser=ea7cad8f-76ba-4f26-8887-1a25d25a281c</msg>
<msg time="2024-01-22T16:37:15.557837" level="INFO">Reusing existing browser with id: browser=ea7cad8f-76ba-4f26-8887-1a25d25a281c</msg>
<arg>browser=chromium</arg>
<arg>headless=False</arg>
<tag>BrowserControl</tag>
<tag>Setter</tag>
<doc>Create a new playwright Browser with specified options.</doc>
<status status="PASS" start="2024-01-22T16:37:15.555936" elapsed="0.002450"/>
</kw>
<kw name="New Page" owner="Browser">
<msg time="2024-01-22T16:37:16.122405" level="INFO">Successfully initialized new page object and opened url: https://walkdog.vercel.app</msg>
<msg time="2024-01-22T16:37:16.122405" level="INFO">No context was open. New context was automatically opened when this page is created.</msg>
<arg>https://walkdog.vercel.app</arg>
<tag>BrowserControl</tag>
<tag>Setter</tag>
<doc>Open a new Page.</doc>
<status status="PASS" start="2024-01-22T16:37:15.558386" elapsed="0.564019"/>
</kw>
<kw name="Wait For Elements State" owner="Browser">
<msg time="2024-01-22T16:37:16.150273" level="INFO">Waited for Element with selector css=h1 &gt;&gt; text=Cuidado e diversão em cada passo at state visible</msg>
<arg>css=h1 &gt;&gt; text=Cuidado e diversão em cada passo</arg>
<arg>visible</arg>
<arg>5</arg>
<tag>PageContent</tag>
<tag>Wait</tag>
<doc>Waits for the element found by ``selector`` to satisfy state option.</doc>
<status status="PASS" start="2024-01-22T16:37:16.123445" elapsed="0.026828"/>
</kw>
<status status="PASS" start="2024-01-22T16:37:15.550465" elapsed="0.599808"/>
</kw>
<kw name="Go to signup page" owner="signup">
<kw name="Click" owner="Browser">
<arg>css=a[href="/signup"]</arg>
<tag>PageContent</tag>
<tag>Setter</tag>
<doc>Simulates mouse click on the element found by ``selector``.</doc>
<status status="PASS" start="2024-01-22T16:37:16.150273" elapsed="0.070316"/>
</kw>
<kw name="Wait For Elements State" owner="Browser">
<msg time="2024-01-22T16:37:16.230159" level="INFO">Waited for Element with selector form h1 at state visible</msg>
<arg>form h1</arg>
<arg>visible</arg>
<arg>3</arg>
<tag>PageContent</tag>
<tag>Wait</tag>
<doc>Waits for the element found by ``selector`` to satisfy state option.</doc>
<status status="PASS" start="2024-01-22T16:37:16.221588" elapsed="0.008571"/>
</kw>
<kw name="Get Text" owner="Browser">
<msg time="2024-01-22T16:37:16.255195" level="INFO">Text: 'Faça seu cadastro'</msg>
<arg>form h1</arg>
<arg>equal</arg>
<arg>${expected_title}</arg>
<tag>Assertion</tag>
<tag>Getter</tag>
<tag>PageContent</tag>
<doc>Returns text attribute of the element found by ``selector``.</doc>
<status status="PASS" start="2024-01-22T16:37:16.230159" elapsed="0.025036"/>
</kw>
<arg>Faça seu cadastro</arg>
<status status="PASS" start="2024-01-22T16:37:16.150273" elapsed="0.104922"/>
</kw>
<kw name="Submit signup form" owner="signup">
<kw name="Click" owner="Browser">
<arg>css=.button-register</arg>
<tag>PageContent</tag>
<tag>Setter</tag>
<doc>Simulates mouse click on the element found by ``selector``.</doc>
<status status="PASS" start="2024-01-22T16:37:16.255195" elapsed="0.066981"/>
</kw>
<status status="PASS" start="2024-01-22T16:37:16.255195" elapsed="0.066981"/>
</kw>
<kw name="Alert should be" owner="signup">
<kw name="Wait For Elements State" owner="Browser">
<msg time="2024-01-22T16:37:16.329907" level="INFO">Waited for Element with selector css=.alert-error &gt;&gt; text=Informe o seu nome completo at state visible</msg>
<arg>css=.alert-error &gt;&gt; text=${expected_text_error}</arg>
<arg>visible</arg>
<arg>5</arg>
<tag>PageContent</tag>
<tag>Wait</tag>
<doc>Waits for the element found by ``selector`` to satisfy state option.</doc>
<status status="PASS" start="2024-01-22T16:37:16.322176" elapsed="0.007731"/>
</kw>
<arg>Informe o seu nome completo</arg>
<status status="PASS" start="2024-01-22T16:37:16.322176" elapsed="0.007731"/>
</kw>
<kw name="Alert should be" owner="signup">
<kw name="Wait For Elements State" owner="Browser">
<msg time="2024-01-22T16:37:16.335069" level="INFO">Waited for Element with selector css=.alert-error &gt;&gt; text=Informe o seu melhor email at state visible</msg>
<arg>css=.alert-error &gt;&gt; text=${expected_text_error}</arg>
<arg>visible</arg>
<arg>5</arg>
<tag>PageContent</tag>
<tag>Wait</tag>
<doc>Waits for the element found by ``selector`` to satisfy state option.</doc>
<status status="PASS" start="2024-01-22T16:37:16.329907" elapsed="0.006162"/>
</kw>
<arg>Informe o seu melhor email</arg>
<status status="PASS" start="2024-01-22T16:37:16.329907" elapsed="0.006162"/>
</kw>
<kw name="Alert should be" owner="signup">
<kw name="Wait For Elements State" owner="Browser">
<msg time="2024-01-22T16:37:16.341291" level="INFO">Waited for Element with selector css=.alert-error &gt;&gt; text=Informe o seu CPF at state visible</msg>
<arg>css=.alert-error &gt;&gt; text=${expected_text_error}</arg>
<arg>visible</arg>
<arg>5</arg>
<tag>PageContent</tag>
<tag>Wait</tag>
<doc>Waits for the element found by ``selector`` to satisfy state option.</doc>
<status status="PASS" start="2024-01-22T16:37:16.336069" elapsed="0.005222"/>
</kw>
<arg>Informe o seu CPF</arg>
<status status="PASS" start="2024-01-22T16:37:16.336069" elapsed="0.005222"/>
</kw>
<kw name="Alert should be" owner="signup">
<kw name="Wait For Elements State" owner="Browser">
<msg time="2024-01-22T16:37:16.345780" level="INFO">Waited for Element with selector css=.alert-error &gt;&gt; text=Informe o seu CEP at state visible</msg>
<arg>css=.alert-error &gt;&gt; text=${expected_text_error}</arg>
<arg>visible</arg>
<arg>5</arg>
<tag>PageContent</tag>
<tag>Wait</tag>
<doc>Waits for the element found by ``selector`` to satisfy state option.</doc>
<status status="PASS" start="2024-01-22T16:37:16.341291" elapsed="0.004489"/>
</kw>
<arg>Informe o seu CEP</arg>
<status status="PASS" start="2024-01-22T16:37:16.341291" elapsed="0.004489"/>
</kw>
<kw name="Alert should be" owner="signup">
<kw name="Wait For Elements State" owner="Browser">
<msg time="2024-01-22T16:37:16.348238" level="INFO">Waited for Element with selector css=.alert-error &gt;&gt; text=Informe um número maior que zero at state visible</msg>
<arg>css=.alert-error &gt;&gt; text=${expected_text_error}</arg>
<arg>visible</arg>
<arg>5</arg>
<tag>PageContent</tag>
<tag>Wait</tag>
<doc>Waits for the element found by ``selector`` to satisfy state option.</doc>
<status status="PASS" start="2024-01-22T16:37:16.348238" elapsed="0.000000"/>
</kw>
<arg>Informe um número maior que zero</arg>
<status status="PASS" start="2024-01-22T16:37:16.345780" elapsed="0.002458"/>
</kw>
<kw name="Alert should be" owner="signup">
<kw name="Wait For Elements State" owner="Browser">
<msg time="2024-01-22T16:37:16.354639" level="INFO">Waited for Element with selector css=.alert-error &gt;&gt; text=Adcione um documento com foto (RG ou CHN) at state visible</msg>
<arg>css=.alert-error &gt;&gt; text=${expected_text_error}</arg>
<arg>visible</arg>
<arg>5</arg>
<tag>PageContent</tag>
<tag>Wait</tag>
<doc>Waits for the element found by ``selector`` to satisfy state option.</doc>
<status status="PASS" start="2024-01-22T16:37:16.348238" elapsed="0.006401"/>
</kw>
<arg>Adcione um documento com foto (RG ou CHN)</arg>
<status status="PASS" start="2024-01-22T16:37:16.348238" elapsed="0.010223"/>
</kw>
<kw name="Take Screenshot" owner="Browser">
<msg time="2024-01-22T16:37:16.557791" level="INFO" html="true">&lt;/td&gt;&lt;/tr&gt;&lt;tr&gt;&lt;td colspan="3"&gt;&lt;a href="browser/screenshot/robotframework-browser-screenshot-3.png" target="_blank"&gt;&lt;img src="browser/screenshot/robotframework-browser-screenshot-3.png" width="800px"/&gt;&lt;/a&gt;</msg>
<arg>fullPage=True</arg>
<tag>PageContent</tag>
<doc>Takes a screenshot of the current window or element and saves it to disk.</doc>
<status status="PASS" start="2024-01-22T16:37:16.358461" elapsed="0.199330"/>
</kw>
<kw name="Finish session" owner="base" type="TEARDOWN">
<kw name="Take Screenshot" owner="Browser">
<msg time="2024-01-22T16:37:16.769679" level="INFO" html="true">&lt;/td&gt;&lt;/tr&gt;&lt;tr&gt;&lt;td colspan="3"&gt;&lt;a href="browser/screenshot/robotframework-browser-screenshot-4.png" target="_blank"&gt;&lt;img src="browser/screenshot/robotframework-browser-screenshot-4.png" width="800px"/&gt;&lt;/a&gt;</msg>
<arg>fullPage=True</arg>
<tag>PageContent</tag>
<doc>Takes a screenshot of the current window or element and saves it to disk.</doc>
<status status="PASS" start="2024-01-22T16:37:16.558798" elapsed="0.210881"/>
</kw>
<status status="PASS" start="2024-01-22T16:37:16.558798" elapsed="0.210881"/>
</kw>
<tag>required</tag>
<status status="PASS" start="2024-01-22T16:37:15.550465" elapsed="1.219214"/>
</test>
<test id="s1-t4" name="Deve poder cadastrar um novo dog walker que sabe cuidar de pets" line="73">
<kw name="Start session" owner="base" type="SETUP">
<kw name="New Browser" owner="Browser">
<msg time="2024-01-22T16:37:16.819536" level="INFO">Switching browser to browser=ea7cad8f-76ba-4f26-8887-1a25d25a281c</msg>
<msg time="2024-01-22T16:37:16.819536" level="INFO">Successfully changed active browser: browser=ea7cad8f-76ba-4f26-8887-1a25d25a281c</msg>
<msg time="2024-01-22T16:37:16.819536" level="INFO">Reusing existing browser with id: browser=ea7cad8f-76ba-4f26-8887-1a25d25a281c</msg>
<arg>browser=chromium</arg>
<arg>headless=False</arg>
<tag>BrowserControl</tag>
<tag>Setter</tag>
<doc>Create a new playwright Browser with specified options.</doc>
<status status="PASS" start="2024-01-22T16:37:16.817527" elapsed="0.002009"/>
</kw>
<kw name="New Page" owner="Browser">
<msg time="2024-01-22T16:37:17.368640" level="INFO">Successfully initialized new page object and opened url: https://walkdog.vercel.app</msg>
<msg time="2024-01-22T16:37:17.368640" level="INFO">No context was open. New context was automatically opened when this page is created.</msg>
<arg>https://walkdog.vercel.app</arg>
<tag>BrowserControl</tag>
<tag>Setter</tag>
<doc>Open a new Page.</doc>
<status status="PASS" start="2024-01-22T16:37:16.819536" elapsed="0.549104"/>
</kw>
<kw name="Wait For Elements State" owner="Browser">
<msg time="2024-01-22T16:37:17.399231" level="INFO">Waited for Element with selector css=h1 &gt;&gt; text=Cuidado e diversão em cada passo at state visible</msg>
<arg>css=h1 &gt;&gt; text=Cuidado e diversão em cada passo</arg>
<arg>visible</arg>
<arg>5</arg>
<tag>PageContent</tag>
<tag>Wait</tag>
<doc>Waits for the element found by ``selector`` to satisfy state option.</doc>
<status status="PASS" start="2024-01-22T16:37:17.368640" elapsed="0.030591"/>
</kw>
<status status="PASS" start="2024-01-22T16:37:16.817527" elapsed="0.582900"/>
</kw>
<kw name="Create Dictionary" owner="BuiltIn">
<msg time="2024-01-22T16:37:17.400427" level="INFO">${dog_walker} = {'name': 'passeador', 'email': 'passeador@gmail.com', 'cpf': '00000014141', 'cep': '04534011', 'addressStreet': 'Rua Joaquim Floriano', 'addressDistrict': 'Itaim Bibi', 'addressCityUf': 'São Paulo/SP'...</msg>
<var>${dog_walker}</var>
<arg>name=passeador</arg>
<arg>email=passeador@gmail.com</arg>
<arg>cpf=00000014141</arg>
<arg>cep=04534011</arg>
<arg>addressStreet=Rua Joaquim Floriano</arg>
<arg>addressDistrict=Itaim Bibi</arg>
<arg>addressCityUf=São Paulo/SP</arg>
<arg>addressNumber=123</arg>
<arg>addressDetails=123abc</arg>
<arg>CNH=toretto.jpg</arg>
<arg>additional_service=Cuidar</arg>
<doc>Creates and returns a dictionary based on the given ``items``.</doc>
<status status="PASS" start="2024-01-22T16:37:17.400427" elapsed="0.000000"/>
</kw>
<kw name="Go to signup page" owner="signup">
<kw name="Click" owner="Browser">
<arg>css=a[href="/signup"]</arg>
<tag>PageContent</tag>
<tag>Setter</tag>
<doc>Simulates mouse click on the element found by ``selector``.</doc>
<status status="PASS" start="2024-01-22T16:37:17.400427" elapsed="0.049136"/>
</kw>
<kw name="Wait For Elements State" owner="Browser">
<msg time="2024-01-22T16:37:17.457495" level="INFO">Waited for Element with selector form h1 at state visible</msg>
<arg>form h1</arg>
<arg>visible</arg>
<arg>3</arg>
<tag>PageContent</tag>
<tag>Wait</tag>
<doc>Waits for the element found by ``selector`` to satisfy state option.</doc>
<status status="PASS" start="2024-01-22T16:37:17.449563" elapsed="0.007932"/>
</kw>
<kw name="Get Text" owner="Browser">
<msg time="2024-01-22T16:37:17.481175" level="INFO">Text: 'Faça seu cadastro'</msg>
<arg>form h1</arg>
<arg>equal</arg>
<arg>${expected_title}</arg>
<tag>Assertion</tag>
<tag>Getter</tag>
<tag>PageContent</tag>
<doc>Returns text attribute of the element found by ``selector``.</doc>
<status status="PASS" start="2024-01-22T16:37:17.457495" elapsed="0.023680"/>
</kw>
<arg>Faça seu cadastro</arg>
<status status="PASS" start="2024-01-22T16:37:17.400427" elapsed="0.080748"/>
</kw>
<kw name="Fill signup Form" owner="signup">
<kw name="Fill Text" owner="Browser">
<msg time="2024-01-22T16:37:17.482595" level="INFO">Fills the text 'passeador' in the given field.</msg>
<arg>css=input[name=name]</arg>
<arg>${dog_walker}[name]</arg>
<tag>PageContent</tag>
<tag>Setter</tag>
<doc>Clears and fills the given ``txt`` into the text field found by ``selector``.</doc>
<status status="PASS" start="2024-01-22T16:37:17.482595" elapsed="0.017488"/>
</kw>
<kw name="Fill Text" owner="Browser">
<msg time="2024-01-22T16:37:17.500083" level="INFO">Fills the text 'passeador@gmail.com' in the given field.</msg>
<arg>css=input[name=email]</arg>
<arg>${dog_walker}[email]</arg>
<tag>PageContent</tag>
<tag>Setter</tag>
<doc>Clears and fills the given ``txt`` into the text field found by ``selector``.</doc>
<status status="PASS" start="2024-01-22T16:37:17.500083" elapsed="0.016542"/>
</kw>
<kw name="Fill Text" owner="Browser">
<msg time="2024-01-22T16:37:17.517132" level="INFO">Fills the text '00000014141' in the given field.</msg>
<arg>css=input[name=cpf]</arg>
<arg>${dog_walker}[cpf]</arg>
<tag>PageContent</tag>
<tag>Setter</tag>
<doc>Clears and fills the given ``txt`` into the text field found by ``selector``.</doc>
<status status="PASS" start="2024-01-22T16:37:17.517132" elapsed="0.016431"/>
</kw>
<kw name="Fill Text" owner="Browser">
<msg time="2024-01-22T16:37:17.533563" level="INFO">Fills the text '04534011' in the given field.</msg>
<arg>css=input[name=cep]</arg>
<arg>${dog_walker}[cep]</arg>
<tag>PageContent</tag>
<tag>Setter</tag>
<doc>Clears and fills the given ``txt`` into the text field found by ``selector``.</doc>
<status status="PASS" start="2024-01-22T16:37:17.533563" elapsed="0.012040"/>
</kw>
<kw name="Click" owner="Browser">
<arg>css=input[type=Button][value="Buscar CEP"]</arg>
<tag>PageContent</tag>
<tag>Setter</tag>
<doc>Simulates mouse click on the element found by ``selector``.</doc>
<status status="PASS" start="2024-01-22T16:37:17.545603" elapsed="0.049221"/>
</kw>
<kw name="Sleep" owner="BuiltIn">
<msg time="2024-01-22T16:37:20.595153" level="INFO">Slept 3 seconds.</msg>
<arg>3</arg>
<doc>Pauses the test executed for the given time.</doc>
<status status="PASS" start="2024-01-22T16:37:17.594824" elapsed="3.000329"/>
</kw>
<kw name="Get Property" owner="Browser">
<msg time="2024-01-22T16:37:20.611794" level="INFO">Property: 'Rua Joaquim Floriano'</msg>
<arg>css=input[name=addressStreet]</arg>
<arg>value</arg>
<arg>equal</arg>
<arg>${dog_walker}[addressStreet]</arg>
<tag>Assertion</tag>
<tag>Getter</tag>
<tag>PageContent</tag>
<doc>Returns the ``property`` of the element found by ``selector``.</doc>
<status status="PASS" start="2024-01-22T16:37:20.595153" elapsed="0.016641"/>
</kw>
<kw name="Get Property" owner="Browser">
<msg time="2024-01-22T16:37:20.631083" level="INFO">Property: 'Itaim Bibi'</msg>
<arg>css=input[name=addressDistrict]</arg>
<arg>value</arg>
<arg>equal</arg>
<arg>${dog_walker}[addressDistrict]</arg>
<tag>Assertion</tag>
<tag>Getter</tag>
<tag>PageContent</tag>
<doc>Returns the ``property`` of the element found by ``selector``.</doc>
<status status="PASS" start="2024-01-22T16:37:20.611794" elapsed="0.019289"/>
</kw>
<kw name="Get Property" owner="Browser">
<msg time="2024-01-22T16:37:20.648345" level="INFO">Property: 'São Paulo/SP'</msg>
<arg>css=input[name=addressCityUf]</arg>
<arg>value</arg>
<arg>equal</arg>
<arg>${dog_walker}[addressCityUf]</arg>
<tag>Assertion</tag>
<tag>Getter</tag>
<tag>PageContent</tag>
<doc>Returns the ``property`` of the element found by ``selector``.</doc>
<status status="PASS" start="2024-01-22T16:37:20.631083" elapsed="0.017262"/>
</kw>
<kw name="Fill Text" owner="Browser">
<msg time="2024-01-22T16:37:20.650389" level="INFO">Fills the text '123' in the given field.</msg>
<arg>css=input[name=addressNumber]</arg>
<arg>${dog_walker}[addressNumber]</arg>
<tag>PageContent</tag>
<tag>Setter</tag>
<doc>Clears and fills the given ``txt`` into the text field found by ``selector``.</doc>
<status status="PASS" start="2024-01-22T16:37:20.648345" elapsed="0.023441"/>
</kw>
<kw name="Fill Text" owner="Browser">
<msg time="2024-01-22T16:37:20.671786" level="INFO">Fills the text '123abc' in the given field.</msg>
<arg>css=input[name=addressDetails]</arg>
<arg>${dog_walker}[addressDetails]</arg>
<tag>PageContent</tag>
<tag>Setter</tag>
<doc>Clears and fills the given ``txt`` into the text field found by ``selector``.</doc>
<status status="PASS" start="2024-01-22T16:37:20.671786" elapsed="0.016258"/>
</kw>
<kw name="Upload File By Selector" owner="Browser">
<arg>css=input[type=file]</arg>
<arg>${EXECDIR}/resources/fixtures/${dog_walker}[CNH]</arg>
<tag>PageContent</tag>
<tag>Setter</tag>
<doc>Uploads file from `path` to file input element matched by selector.</doc>
<status status="PASS" start="2024-01-22T16:37:20.688044" elapsed="0.013903"/>
</kw>
<kw name="Sleep" owner="BuiltIn">
<msg time="2024-01-22T16:37:25.701976" level="INFO">Slept 5 seconds.</msg>
<arg>5</arg>
<doc>Pauses the test executed for the given time.</doc>
<status status="PASS" start="2024-01-22T16:37:20.701947" elapsed="5.000029"/>
</kw>
<arg>${dog_walker}</arg>
<status status="PASS" start="2024-01-22T16:37:17.481175" elapsed="8.220801"/>
</kw>
<kw name="Additional Service" owner="signup">
<kw name="Click" owner="Browser">
<arg>xpath=//span[text()="${additional_service}"]/..</arg>
<tag>PageContent</tag>
<tag>Setter</tag>
<doc>Simulates mouse click on the element found by ``selector``.</doc>
<status status="PASS" start="2024-01-22T16:37:25.701976" elapsed="0.032067"/>
</kw>
<kw name="Take Screenshot" owner="Browser">
<msg time="2024-01-22T16:37:25.843366" level="INFO" html="true">&lt;/td&gt;&lt;/tr&gt;&lt;tr&gt;&lt;td colspan="3"&gt;&lt;a href="browser/screenshot/robotframework-browser-screenshot-5.png" target="_blank"&gt;&lt;img src="browser/screenshot/robotframework-browser-screenshot-5.png" width="800px"/&gt;&lt;/a&gt;</msg>
<arg>selector=//span[text()="${additional_service}"]/..</arg>
<tag>PageContent</tag>
<doc>Takes a screenshot of the current window or element and saves it to disk.</doc>
<status status="PASS" start="2024-01-22T16:37:25.734043" elapsed="0.109323"/>
</kw>
<arg>Cuidar</arg>
<status status="PASS" start="2024-01-22T16:37:25.701976" elapsed="0.141390"/>
</kw>
<kw name="Submit signup form" owner="signup">
<kw name="Click" owner="Browser">
<arg>css=.button-register</arg>
<tag>PageContent</tag>
<tag>Setter</tag>
<doc>Simulates mouse click on the element found by ``selector``.</doc>
<status status="PASS" start="2024-01-22T16:37:25.846248" elapsed="0.042129"/>
</kw>
<status status="PASS" start="2024-01-22T16:37:25.846248" elapsed="0.042129"/>
</kw>
<kw name="Popup should be" owner="signup">
<kw name="Wait For Elements State" owner="Browser">
<msg time="2024-01-22T16:37:26.722807" level="INFO">Waited for Element with selector css=.swal2-html-container at state visible</msg>
<arg>css=.swal2-html-container</arg>
<arg>visible</arg>
<arg>5</arg>
<tag>PageContent</tag>
<tag>Wait</tag>
<doc>Waits for the element found by ``selector`` to satisfy state option.</doc>
<status status="PASS" start="2024-01-22T16:37:25.888377" elapsed="0.834430"/>
</kw>
<kw name="Get Text" owner="Browser">
<msg time="2024-01-22T16:37:26.741357" level="INFO">Text: 'Recebemos o seu cadastro e em breve retornaremos o contato.'</msg>
<arg>css=.swal2-html-container</arg>
<arg>equal</arg>
<arg>${expected_text}</arg>
<tag>Assertion</tag>
<tag>Getter</tag>
<tag>PageContent</tag>
<doc>Returns text attribute of the element found by ``selector``.</doc>
<status status="PASS" start="2024-01-22T16:37:26.722807" elapsed="0.018550"/>
</kw>
<arg>Recebemos o seu cadastro e em breve retornaremos o contato.</arg>
<status status="PASS" start="2024-01-22T16:37:25.888377" elapsed="0.852980"/>
</kw>
<kw name="Finish session" owner="base" type="TEARDOWN">
<kw name="Take Screenshot" owner="Browser">
<msg time="2024-01-22T16:37:26.959208" level="INFO" html="true">&lt;/td&gt;&lt;/tr&gt;&lt;tr&gt;&lt;td colspan="3"&gt;&lt;a href="browser/screenshot/robotframework-browser-screenshot-6.png" target="_blank"&gt;&lt;img src="browser/screenshot/robotframework-browser-screenshot-6.png" width="800px"/&gt;&lt;/a&gt;</msg>
<arg>fullPage=True</arg>
<tag>PageContent</tag>
<doc>Takes a screenshot of the current window or element and saves it to disk.</doc>
<status status="PASS" start="2024-01-22T16:37:26.741357" elapsed="0.217851"/>
</kw>
<status status="PASS" start="2024-01-22T16:37:26.741357" elapsed="0.217851"/>
</kw>
<tag>aservice</tag>
<status status="PASS" start="2024-01-22T16:37:16.812940" elapsed="10.146268"/>
</test>
<test id="s1-t5" name="Deve poder cadastrar um novo dog walker que sabe Adestrar pets" line="100">
<kw name="Start session" owner="base" type="SETUP">
<kw name="New Browser" owner="Browser">
<msg time="2024-01-22T16:37:27.008056" level="INFO">Switching browser to browser=ea7cad8f-76ba-4f26-8887-1a25d25a281c</msg>
<msg time="2024-01-22T16:37:27.010945" level="INFO">Successfully changed active browser: browser=ea7cad8f-76ba-4f26-8887-1a25d25a281c</msg>
<msg time="2024-01-22T16:37:27.010945" level="INFO">Reusing existing browser with id: browser=ea7cad8f-76ba-4f26-8887-1a25d25a281c</msg>
<arg>browser=chromium</arg>
<arg>headless=False</arg>
<tag>BrowserControl</tag>
<tag>Setter</tag>
<doc>Create a new playwright Browser with specified options.</doc>
<status status="PASS" start="2024-01-22T16:37:27.008056" elapsed="0.002889"/>
</kw>
<kw name="New Page" owner="Browser">
<msg time="2024-01-22T16:37:27.582838" level="INFO">Successfully initialized new page object and opened url: https://walkdog.vercel.app</msg>
<msg time="2024-01-22T16:37:27.582838" level="INFO">No context was open. New context was automatically opened when this page is created.</msg>
<arg>https://walkdog.vercel.app</arg>
<tag>BrowserControl</tag>
<tag>Setter</tag>
<doc>Open a new Page.</doc>
<status status="PASS" start="2024-01-22T16:37:27.010945" elapsed="0.571893"/>
</kw>
<kw name="Wait For Elements State" owner="Browser">
<msg time="2024-01-22T16:37:27.608585" level="INFO">Waited for Element with selector css=h1 &gt;&gt; text=Cuidado e diversão em cada passo at state visible</msg>
<arg>css=h1 &gt;&gt; text=Cuidado e diversão em cada passo</arg>
<arg>visible</arg>
<arg>5</arg>
<tag>PageContent</tag>
<tag>Wait</tag>
<doc>Waits for the element found by ``selector`` to satisfy state option.</doc>
<status status="PASS" start="2024-01-22T16:37:27.583879" elapsed="0.024706"/>
</kw>
<status status="PASS" start="2024-01-22T16:37:27.008056" elapsed="0.600529"/>
</kw>
<kw name="Create Dictionary" owner="BuiltIn">
<msg time="2024-01-22T16:37:27.610245" level="INFO">${dog_walker} = {'name': 'passeador', 'email': 'passeador@gmail.com', 'cpf': '00000014141', 'cep': '04534011', 'addressStreet': 'Rua Joaquim Floriano', 'addressDistrict': 'Itaim Bibi', 'addressCityUf': 'São Paulo/SP'...</msg>
<var>${dog_walker}</var>
<arg>name=passeador</arg>
<arg>email=passeador@gmail.com</arg>
<arg>cpf=00000014141</arg>
<arg>cep=04534011</arg>
<arg>addressStreet=Rua Joaquim Floriano</arg>
<arg>addressDistrict=Itaim Bibi</arg>
<arg>addressCityUf=São Paulo/SP</arg>
<arg>addressNumber=123</arg>
<arg>addressDetails=123abc</arg>
<arg>CNH=toretto.jpg</arg>
<arg>additional_service=Adestrar</arg>
<doc>Creates and returns a dictionary based on the given ``items``.</doc>
<status status="PASS" start="2024-01-22T16:37:27.608585" elapsed="0.001660"/>
</kw>
<kw name="Go to signup page" owner="signup">
<kw name="Click" owner="Browser">
<arg>css=a[href="/signup"]</arg>
<tag>PageContent</tag>
<tag>Setter</tag>
<doc>Simulates mouse click on the element found by ``selector``.</doc>
<status status="PASS" start="2024-01-22T16:37:27.610245" elapsed="0.069645"/>
</kw>
<kw name="Wait For Elements State" owner="Browser">
<msg time="2024-01-22T16:37:27.689066" level="INFO">Waited for Element with selector form h1 at state visible</msg>
<arg>form h1</arg>
<arg>visible</arg>
<arg>3</arg>
<tag>PageContent</tag>
<tag>Wait</tag>
<doc>Waits for the element found by ``selector`` to satisfy state option.</doc>
<status status="PASS" start="2024-01-22T16:37:27.679890" elapsed="0.009176"/>
</kw>
<kw name="Get Text" owner="Browser">
<msg time="2024-01-22T16:37:27.711531" level="INFO">Text: 'Faça seu cadastro'</msg>
<arg>form h1</arg>
<arg>equal</arg>
<arg>${expected_title}</arg>
<tag>Assertion</tag>
<tag>Getter</tag>
<tag>PageContent</tag>
<doc>Returns text attribute of the element found by ``selector``.</doc>
<status status="PASS" start="2024-01-22T16:37:27.689066" elapsed="0.022465"/>
</kw>
<arg>Faça seu cadastro</arg>
<status status="PASS" start="2024-01-22T16:37:27.610245" elapsed="0.101286"/>
</kw>
<kw name="Fill signup Form" owner="signup">
<kw name="Fill Text" owner="Browser">
<msg time="2024-01-22T16:37:27.711531" level="INFO">Fills the text 'passeador' in the given field.</msg>
<arg>css=input[name=name]</arg>
<arg>${dog_walker}[name]</arg>
<tag>PageContent</tag>
<tag>Setter</tag>
<doc>Clears and fills the given ``txt`` into the text field found by ``selector``.</doc>
<status status="PASS" start="2024-01-22T16:37:27.711531" elapsed="0.019155"/>
</kw>
<kw name="Fill Text" owner="Browser">
<msg time="2024-01-22T16:37:27.730686" level="INFO">Fills the text 'passeador@gmail.com' in the given field.</msg>
<arg>css=input[name=email]</arg>
<arg>${dog_walker}[email]</arg>
<tag>PageContent</tag>
<tag>Setter</tag>
<doc>Clears and fills the given ``txt`` into the text field found by ``selector``.</doc>
<status status="PASS" start="2024-01-22T16:37:27.730686" elapsed="0.016815"/>
</kw>
<kw name="Fill Text" owner="Browser">
<msg time="2024-01-22T16:37:27.747501" level="INFO">Fills the text '00000014141' in the given field.</msg>
<arg>css=input[name=cpf]</arg>
<arg>${dog_walker}[cpf]</arg>
<tag>PageContent</tag>
<tag>Setter</tag>
<doc>Clears and fills the given ``txt`` into the text field found by ``selector``.</doc>
<status status="PASS" start="2024-01-22T16:37:27.747501" elapsed="0.018813"/>
</kw>
<kw name="Fill Text" owner="Browser">
<msg time="2024-01-22T16:37:27.766314" level="INFO">Fills the text '04534011' in the given field.</msg>
<arg>css=input[name=cep]</arg>
<arg>${dog_walker}[cep]</arg>
<tag>PageContent</tag>
<tag>Setter</tag>
<doc>Clears and fills the given ``txt`` into the text field found by ``selector``.</doc>
<status status="PASS" start="2024-01-22T16:37:27.766314" elapsed="0.016318"/>
</kw>
<kw name="Click" owner="Browser">
<arg>css=input[type=Button][value="Buscar CEP"]</arg>
<tag>PageContent</tag>
<tag>Setter</tag>
<doc>Simulates mouse click on the element found by ``selector``.</doc>
<status status="PASS" start="2024-01-22T16:37:27.782632" elapsed="0.063766"/>
</kw>
<kw name="Sleep" owner="BuiltIn">
<msg time="2024-01-22T16:37:30.846900" level="INFO">Slept 3 seconds.</msg>
<arg>3</arg>
<doc>Pauses the test executed for the given time.</doc>
<status status="PASS" start="2024-01-22T16:37:27.846398" elapsed="3.000502"/>
</kw>
<kw name="Get Property" owner="Browser">
<msg time="2024-01-22T16:37:30.863999" level="INFO">Property: 'Rua Joaquim Floriano'</msg>
<arg>css=input[name=addressStreet]</arg>
<arg>value</arg>
<arg>equal</arg>
<arg>${dog_walker}[addressStreet]</arg>
<tag>Assertion</tag>
<tag>Getter</tag>
<tag>PageContent</tag>
<doc>Returns the ``property`` of the element found by ``selector``.</doc>
<status status="PASS" start="2024-01-22T16:37:30.846900" elapsed="0.019076"/>
</kw>
<kw name="Get Property" owner="Browser">
<msg time="2024-01-22T16:37:30.879099" level="INFO">Property: 'Itaim Bibi'</msg>
<arg>css=input[name=addressDistrict]</arg>
<arg>value</arg>
<arg>equal</arg>
<arg>${dog_walker}[addressDistrict]</arg>
<tag>Assertion</tag>
<tag>Getter</tag>
<tag>PageContent</tag>
<doc>Returns the ``property`` of the element found by ``selector``.</doc>
<status status="PASS" start="2024-01-22T16:37:30.865976" elapsed="0.013123"/>
</kw>
<kw name="Get Property" owner="Browser">
<msg time="2024-01-22T16:37:30.890285" level="INFO">Property: 'São Paulo/SP'</msg>
<arg>css=input[name=addressCityUf]</arg>
<arg>value</arg>
<arg>equal</arg>
<arg>${dog_walker}[addressCityUf]</arg>
<tag>Assertion</tag>
<tag>Getter</tag>
<tag>PageContent</tag>
<doc>Returns the ``property`` of the element found by ``selector``.</doc>
<status status="PASS" start="2024-01-22T16:37:30.879099" elapsed="0.012618"/>
</kw>
<kw name="Fill Text" owner="Browser">
<msg time="2024-01-22T16:37:30.892220" level="INFO">Fills the text '123' in the given field.</msg>
<arg>css=input[name=addressNumber]</arg>
<arg>${dog_walker}[addressNumber]</arg>
<tag>PageContent</tag>
<tag>Setter</tag>
<doc>Clears and fills the given ``txt`` into the text field found by ``selector``.</doc>
<status status="PASS" start="2024-01-22T16:37:30.891717" elapsed="0.015765"/>
</kw>
<kw name="Fill Text" owner="Browser">
<msg time="2024-01-22T16:37:30.909947" level="INFO">Fills the text '123abc' in the given field.</msg>
<arg>css=input[name=addressDetails]</arg>
<arg>${dog_walker}[addressDetails]</arg>
<tag>PageContent</tag>
<tag>Setter</tag>
<doc>Clears and fills the given ``txt`` into the text field found by ``selector``.</doc>
<status status="PASS" start="2024-01-22T16:37:30.907482" elapsed="0.013728"/>
</kw>
<kw name="Upload File By Selector" owner="Browser">
<arg>css=input[type=file]</arg>
<arg>${EXECDIR}/resources/fixtures/${dog_walker}[CNH]</arg>
<tag>PageContent</tag>
<tag>Setter</tag>
<doc>Uploads file from `path` to file input element matched by selector.</doc>
<status status="PASS" start="2024-01-22T16:37:30.921210" elapsed="0.010994"/>
</kw>
<kw name="Sleep" owner="BuiltIn">
<msg time="2024-01-22T16:37:35.935943" level="INFO">Slept 5 seconds.</msg>
<arg>5</arg>
<doc>Pauses the test executed for the given time.</doc>
<status status="PASS" start="2024-01-22T16:37:30.935029" elapsed="5.000914"/>
</kw>
<arg>${dog_walker}</arg>
<status status="PASS" start="2024-01-22T16:37:27.711531" elapsed="8.224412"/>
</kw>
<kw name="Additional Service" owner="signup">
<kw name="Click" owner="Browser">
<arg>xpath=//span[text()="${additional_service}"]/..</arg>
<tag>PageContent</tag>
<tag>Setter</tag>
<doc>Simulates mouse click on the element found by ``selector``.</doc>
<status status="PASS" start="2024-01-22T16:37:35.935943" elapsed="0.057616"/>
</kw>
<kw name="Take Screenshot" owner="Browser">
<msg time="2024-01-22T16:37:36.108321" level="INFO" html="true">&lt;/td&gt;&lt;/tr&gt;&lt;tr&gt;&lt;td colspan="3"&gt;&lt;a href="browser/screenshot/robotframework-browser-screenshot-7.png" target="_blank"&gt;&lt;img src="browser/screenshot/robotframework-browser-screenshot-7.png" width="800px"/&gt;&lt;/a&gt;</msg>
<arg>selector=//span[text()="${additional_service}"]/..</arg>
<tag>PageContent</tag>
<doc>Takes a screenshot of the current window or element and saves it to disk.</doc>
<status status="PASS" start="2024-01-22T16:37:35.994594" elapsed="0.113727"/>
</kw>
<arg>Adestrar</arg>
<status status="PASS" start="2024-01-22T16:37:35.935943" elapsed="0.172378"/>
</kw>
<kw name="Submit signup form" owner="signup">
<kw name="Click" owner="Browser">
<arg>css=.button-register</arg>
<tag>PageContent</tag>
<tag>Setter</tag>
<doc>Simulates mouse click on the element found by ``selector``.</doc>
<status status="PASS" start="2024-01-22T16:37:36.108321" elapsed="0.056302"/>
</kw>
<status status="PASS" start="2024-01-22T16:37:36.108321" elapsed="0.056302"/>
</kw>
<kw name="Popup should be" owner="signup">
<kw name="Wait For Elements State" owner="Browser">
<msg time="2024-01-22T16:37:36.986248" level="INFO">Waited for Element with selector css=.swal2-html-container at state visible</msg>
<arg>css=.swal2-html-container</arg>
<arg>visible</arg>
<arg>5</arg>
<tag>PageContent</tag>
<tag>Wait</tag>
<doc>Waits for the element found by ``selector`` to satisfy state option.</doc>
<status status="PASS" start="2024-01-22T16:37:36.165631" elapsed="0.820617"/>
</kw>
<kw name="Get Text" owner="Browser">
<msg time="2024-01-22T16:37:37.025501" level="INFO">Text: 'Recebemos o seu cadastro e em breve retornaremos o contato.'</msg>
<arg>css=.swal2-html-container</arg>
<arg>equal</arg>
<arg>${expected_text}</arg>
<tag>Assertion</tag>
<tag>Getter</tag>
<tag>PageContent</tag>
<doc>Returns text attribute of the element found by ``selector``.</doc>
<status status="PASS" start="2024-01-22T16:37:36.991592" elapsed="0.034562"/>
</kw>
<arg>Recebemos o seu cadastro e em breve retornaremos o contato.</arg>
<status status="PASS" start="2024-01-22T16:37:36.164623" elapsed="0.861531"/>
</kw>
<kw name="Finish session" owner="base" type="TEARDOWN">
<kw name="Take Screenshot" owner="Browser">
<msg time="2024-01-22T16:37:37.243534" level="INFO" html="true">&lt;/td&gt;&lt;/tr&gt;&lt;tr&gt;&lt;td colspan="3"&gt;&lt;a href="browser/screenshot/robotframework-browser-screenshot-8.png" target="_blank"&gt;&lt;img src="browser/screenshot/robotframework-browser-screenshot-8.png" width="800px"/&gt;&lt;/a&gt;</msg>
<arg>fullPage=True</arg>
<tag>PageContent</tag>
<doc>Takes a screenshot of the current window or element and saves it to disk.</doc>
<status status="PASS" start="2024-01-22T16:37:37.026774" elapsed="0.216760"/>
</kw>
<status status="PASS" start="2024-01-22T16:37:37.026774" elapsed="0.216760"/>
</kw>
<tag>aservice</tag>
<status status="PASS" start="2024-01-22T16:37:27.005020" elapsed="10.238514"/>
</test>
<doc>Suite de testes de cadastro de dog walker</doc>
<status status="PASS" start="2024-01-22T16:36:49.518767" elapsed="47.778597"/>
</suite>
<statistics>
<total>
<stat pass="5" fail="0" skip="0">All Tests</stat>
</total>
<tag>
<stat pass="2" fail="0" skip="0">aservice</stat>
<stat pass="1" fail="0" skip="0">cpf_inv</stat>
<stat pass="1" fail="0" skip="0">required</stat>
</tag>
<suite>
<stat pass="5" fail="0" skip="0" id="s1" name="Signup">Signup</stat>
</suite>
</statistics>
<errors>
</errors>
</robot>
